--- Begin : FPS chart dump for level 'ThirdPersonMap'
Dumping FPS chart at 2022.12.26-15.24.57 using build ++UE5+Release-5.0-CL-20979098 in config DebugGame built from changelist 20979098
Machine info:
	OS: Windows 11 (21H2) [10.0.22000.1335] 
	CPU: AuthenticAMD AMD Ryzen 7 3800X 8-Core Processor
	DeviceProfile: Windows
	GPU: NVIDIA GeForce RTX 3060
	Resolution Quality: 100.00
	View Distance Quality: 3
	Anti-Aliasing Quality: 3
	Shadow Quality: 3
	Global Illumination Quality: 3
	Reflection Quality: 3
	Post-Process Quality: 3
	Texture Quality: 3
	Effects Quality: 3
	Foliage Quality: 3
	Hair Quality: 3
	Window Mode: WindowedFullscreen
	Resolution: 1920x1080
2225 frames collected over 25.84 seconds, disregarding 0.00 seconds (0 frames) for a 86.12 FPS average
Average GPU frametime: 11.57 ms
Average RenderThread frametime: 5.06 ms
Average GameThread frametime: 2.30 ms
Total time spent flushing async loading: 0.00 ms
Total flushing async loading calls: 0
Max flush async loading time: 0.00 ms
Average flush async loading time: 0.00 ms
Total sync loads: 1
BoundGameThreadPct: 0.04
BoundRenderThreadPct: 0.00
BoundGPUPct: 0.00
ExcludeIdleTime: 0
  Target 30 FPS: 0.00 % syncs missed
  Target 60 FPS: 0.00 % syncs missed
  Target 120 FPS: 28.23 % syncs missed
--- Begin : Hitch chart dump for level 'ThirdPersonMap'
Bucket: 0.00s - 0.03s  Count: 0  Time: 0.00 s
Bucket: 0.03s - 0.06s  Count: 0  Time: 0.00 s
Bucket: 0.06s - 0.10s  Count: 1  Time: 0.07 s
Bucket: 0.10s - 0.15s  Count: 0  Time: 0.00 s
Bucket: 0.15s - 0.20s  Count: 0  Time: 0.00 s
Bucket: 0.20s - 0.30s  Count: 0  Time: 0.00 s
Bucket: 0.30s - 0.50s  Count: 0  Time: 0.00 s
Bucket: 0.50s - 0.75s  Count: 0  Time: 0.00 s
Bucket: 0.75s - 1.00s  Count: 0  Time: 0.00 s
Bucket: 1.00s - 1.50s  Count: 0  Time: 0.00 s
Bucket: 1.50s - 2.00s  Count: 0  Time: 0.00 s
Bucket: 2.00s - 2.50s  Count: 0  Time: 0.00 s
Bucket: 2.50s - 5.00s  Count: 0  Time: 0.00 s
Bucket: 5.00s - inf  Count: 0  Time: 0.00 s
Total hitch count:  1
Total hitch time:  0.01 s (0.03 %)
Hitch frames bound by game thread:  0  (0.0 %)
Hitch frames bound by render thread:  0  (0.0 %)
Hitch frames bound by RHI thread:  0  (0.0 %)
Hitch frames bound by GPU:  1  (1.0 %)
Hitches / min:  2.32
Avg. hitch frame length:  0.07 s
--- End
DynamicRes above 0% : 100.00% of frames
DynamicRes above 60% : 100.00% of frames
DynamicRes above 70% : 100.00% of frames
DynamicRes above 80% : 100.00% of frames
DynamicRes above 90% : 100.00% of frames
DynamicRes above 100% : 100.00% of frames




